In file included from [01m[K/opt/ros/jazzy/include/rclcpp/rclcpp/copy_all_parameter_values.hpp:27[m[K,
                 from [01m[K/opt/ros/jazzy/include/rclcpp/rclcpp/rclcpp.hpp:171[m[K,
                 from [01m[K/home/andy/ros2_ws/src/servo_control/src/servoConfig.cpp:1[m[K:
[01m[K/home/andy/ros2_ws/src/servo_control/src/servoConfig.cpp:[m[K In member function â€˜[01m[Kvoid ServoConfig::[01;32m[KrealtimeData[m[K(int)[m[Kâ€™:
[01m[K/home/andy/ros2_ws/src/servo_control/src/servoConfig.cpp:116:25:[m[K [01;31m[Kerror: [m[Kâ€˜[01m[Klogger[m[Kâ€™ was not declared in this scope
  116 |             RCLCPP_INFO([01;31m[Klogger[m[K, "Current Load: %d", sc.readWord(id, 0x3C));
      |                         [01;31m[K^~~~~~[m[K
[01m[K/home/andy/ros2_ws/src/servo_control/src/servoConfig.cpp:116:13:[m[K [01;31m[Kerror: [m[Ktemplate argument 1 is invalid
  116 |             [01;31m[KRCLCPP_INFO[m[K(logger, "Current Load: %d", sc.readWord(id, 0x3C));
      |             [01;31m[K^~~~~~~~~~~[m[K
[01m[K/home/andy/ros2_ws/src/servo_control/src/servoConfig.cpp:116:13:[m[K [01;31m[Kerror: [m[Ktemplate argument 1 is invalid
  116 |             [01;31m[KRCLCPP_INFO[m[K(logger, "Current Load: %d", sc.readWord(id, 0x3C));
      |             [01;31m[K^~~~~~~~~~~[m[K
[01m[K/home/andy/ros2_ws/src/servo_control/src/servoConfig.cpp:116:13:[m[K [01;31m[Kerror: [m[Ktemplate argument 1 is invalid
  116 |             [01;31m[KRCLCPP_INFO[m[K(logger, "Current Load: %d", sc.readWord(id, 0x3C));
      |             [01;31m[K^~~~~~~~~~~[m[K
[01m[K/home/andy/ros2_ws/src/servo_control/src/servoConfig.cpp:123:9:[m[K [01;31m[Kerror: [m[Kexpected â€˜[01m[K;[m[Kâ€™ before â€˜[01m[K}[m[Kâ€™ token
  123 |         [01;31m[K}[m[K
      |         [01;31m[K^[m[K
gmake[2]: *** [CMakeFiles/servoConfig.dir/build.make:76: CMakeFiles/servoConfig.dir/src/servoConfig.cpp.o] Error 1
gmake[1]: *** [CMakeFiles/Makefile2:249: CMakeFiles/servoConfig.dir/all] Error 2
gmake: *** [Makefile:146: all] Error 2
