[0.019s] Invoking command in '/home/andy/ros2_ws/build/servo_control': CMAKE_PREFIX_PATH=${CMAKE_PREFIX_PATH}:/opt/ros/jazzy /usr/bin/cmake --build /home/andy/ros2_ws/build/servo_control -- -j4 -l4
[0.114s] [ 46%] Built target scservo_lib
[0.163s] [ 73%] Built target STServoTests
[0.163s] [ 73%] Built target servo_node
[0.179s] [ 93%] Built target moveServo
[0.179s] [ 93%] [32mBuilding CXX object CMakeFiles/servoConfig.dir/src/servoConfig.cpp.o[0m
[4.108s] [01m[K/home/andy/ros2_ws/src/servo_control/src/servoConfig.cpp:[m[K In member function â€˜[01m[Kvoid ServoConfig::[01;32m[KchangeID[m[K()[m[Kâ€™:
[4.108s] [01m[K/home/andy/ros2_ws/src/servo_control/src/servoConfig.cpp:153:9:[m[K [01;31m[Kerror: [m[Kâ€˜[01m[KcurrentId[m[Kâ€™ was not declared in this scope
[4.108s]   153 |         [01;31m[KcurrentId[m[K = 1;
[4.108s]       |         [01;31m[K^~~~~~~~~[m[K
[4.119s] [01m[K/home/andy/ros2_ws/src/servo_control/src/servoConfig.cpp:154:9:[m[K [01;31m[Kerror: [m[Kâ€˜[01m[KnewId[m[Kâ€™ was not declared in this scope
[4.119s]   154 |         [01;31m[KnewId[m[K = 3;
[4.119s]       |         [01;31m[K^~~~~[m[K
[7.307s] gmake[2]: *** [CMakeFiles/servoConfig.dir/build.make:76: CMakeFiles/servoConfig.dir/src/servoConfig.cpp.o] Error 1
[7.307s] gmake[1]: *** [CMakeFiles/Makefile2:249: CMakeFiles/servoConfig.dir/all] Error 2
[7.307s] gmake: *** [Makefile:146: all] Error 2
[7.311s] Invoked command in '/home/andy/ros2_ws/build/servo_control' returned '2': CMAKE_PREFIX_PATH=${CMAKE_PREFIX_PATH}:/opt/ros/jazzy /usr/bin/cmake --build /home/andy/ros2_ws/build/servo_control -- -j4 -l4
