[0.026s] Invoking command in '/home/andy/ros2_ws/build/servo_control': CMAKE_PREFIX_PATH=${CMAKE_PREFIX_PATH}:/opt/ros/jazzy /usr/bin/cmake --build /home/andy/ros2_ws/build/servo_control -- -j4 -l4
[0.270s] [ 33%] Built target scservo_lib
[0.330s] [ 52%] Built target servo_node
[0.331s] [ 52%] Built target STServoTests
[0.374s] [ 66%] Built target servoConfig
[0.374s] [ 66%] [32mBuilding CXX object CMakeFiles/moveServo.dir/src/moveServo.cpp.o[0m
[0.397s] [ 85%] Built target servoFeedback
[0.397s] [ 85%] Built target servoRepair
[0.449s] [ 95%] Built target changeId
[4.649s] [01m[K/home/andy/ros2_ws/src/servo_control/src/moveServo.cpp:74:5:[m[K [01;31m[Kerror: [m[Kexpected â€˜[01m[K;[m[Kâ€™ at end of member declaration
[4.649s]    74 |     [01;31m[K}[m[K
[4.649s]       |     [01;31m[K^[m[K
[4.649s]       |      [32m[K;[m[K
[4.650s] [01m[K/home/andy/ros2_ws/src/servo_control/src/moveServo.cpp:43:5:[m[K [01;31m[Kerror: [m[Kexpected primary-expression before â€˜[01m[Kvoid[m[Kâ€™
[4.650s]    43 |     [01;31m[Kvoid[m[K moveSc(int id) {
[4.650s]       |     [01;31m[K^~~~[m[K
[4.650s] [01m[K/home/andy/ros2_ws/src/servo_control/src/moveServo.cpp:53:5:[m[K [01;31m[Kerror: [m[Kexpected â€˜[01m[K;[m[Kâ€™ before â€˜[01m[Kvoid[m[Kâ€™
[4.650s]    53 |     [01;31m[Kvoid[m[K moveSt(int id) {
[4.650s]       |     [01;31m[K^~~~[m[K
[4.650s] [01m[K/home/andy/ros2_ws/src/servo_control/src/moveServo.cpp:[m[K In constructor â€˜[01m[KServoController::[01;32m[KServoController[m[K()[m[Kâ€™:
[4.650s] [01m[K/home/andy/ros2_ws/src/servo_control/src/moveServo.cpp:13:57:[m[K [01;31m[Kerror: [m[Kâ€˜[01m[Kservo_callback[m[Kâ€™ is not a member of â€˜[01m[KServoController[m[Kâ€™
[4.650s]    13 |             "servo_id", 10, std::bind(&ServoController::[01;31m[Kservo_callback[m[K, this, _1));
[4.651s]       |                                                         [01;31m[K^~~~~~~~~~~~~~[m[K
[5.664s] gmake[2]: *** [CMakeFiles/moveServo.dir/build.make:76: CMakeFiles/moveServo.dir/src/moveServo.cpp.o] Error 1
[5.664s] gmake[1]: *** [CMakeFiles/Makefile2:203: CMakeFiles/moveServo.dir/all] Error 2
[5.665s] gmake: *** [Makefile:146: all] Error 2
[5.668s] Invoked command in '/home/andy/ros2_ws/build/servo_control' returned '2': CMAKE_PREFIX_PATH=${CMAKE_PREFIX_PATH}:/opt/ros/jazzy /usr/bin/cmake --build /home/andy/ros2_ws/build/servo_control -- -j4 -l4
