In file included from [01m[K/opt/ros/jazzy/include/rclcpp/rclcpp/copy_all_parameter_values.hpp:27[m[K,
                 from [01m[K/opt/ros/jazzy/include/rclcpp/rclcpp/rclcpp.hpp:171[m[K,
                 from [01m[K/home/andy/ros2_ws/src/servo_control/src/servoConfig.cpp:1[m[K:
[01m[K/home/andy/ros2_ws/src/servo_control/src/servoConfig.cpp:[m[K In member function â€˜[01m[Kvoid ServoConfig::[01;32m[KrealtimeData[m[K(int)[m[Kâ€™:
[01m[K/home/andy/ros2_ws/src/servo_control/src/servoConfig.cpp:120:13:[m[K [01;31m[Kerror: [m[Kstatic assertion failed: First argument to logging macros must be an rclcpp::Logger
  120 |             [01;31m[KRCLCPP_INFO[m[K( sc.readWord(id, 0x3C));
      |             [01;31m[K^~~~~~~~~~~[m[K
In file included from [01m[K/opt/ros/jazzy/include/rclcpp/rclcpp/logging.hpp:24[m[K:
[01m[K/home/andy/ros2_ws/src/servo_control/src/servoConfig.cpp:120:13:[m[K [01;31m[Kerror: [m[Krequest for member â€˜[01m[Kget_name[m[Kâ€™ in â€˜[01m[K((ServoConfig*)this)->ServoConfig::sc.SCSCL::<anonymous>.SCSerial::<anonymous>.SCS::readWord(((u8)id), 60)[m[Kâ€™, which is of non-class type â€˜[01m[Kint[m[Kâ€™
  120 |             [01;31m[KRCLCPP_INFO[m[K( sc.readWord(id, 0x3C));
      |             [01;31m[K^~~~~~~~~~~[m[K
[01m[K/home/andy/ros2_ws/src/servo_control/src/servoConfig.cpp:120:13:[m[K [01;31m[Kerror: [m[Krequest for member â€˜[01m[Kget_name[m[Kâ€™ in â€˜[01m[K((ServoConfig*)this)->ServoConfig::sc.SCSCL::<anonymous>.SCSerial::<anonymous>.SCS::readWord(((u8)id), 60)[m[Kâ€™, which is of non-class type â€˜[01m[Kint[m[Kâ€™
  120 |             [01;31m[KRCLCPP_INFO[m[K( sc.readWord(id, 0x3C));
      |             [01;31m[K^~~~~~~~~~~[m[K
[01m[K/home/andy/ros2_ws/src/servo_control/src/servoConfig.cpp:120:13:[m[K [01;31m[Kerror: [m[Kexpected primary-expression before â€˜[01m[K)[m[Kâ€™ token
  120 |             [01;31m[KRCLCPP_INFO[m[K( sc.readWord(id, 0x3C));
      |             [01;31m[K^~~~~~~~~~~[m[K
gmake[2]: *** [CMakeFiles/servoConfig.dir/build.make:76: CMakeFiles/servoConfig.dir/src/servoConfig.cpp.o] Error 1
gmake[1]: *** [CMakeFiles/Makefile2:249: CMakeFiles/servoConfig.dir/all] Error 2
gmake: *** [Makefile:146: all] Error 2
