[0.019s] Invoking command in '/home/andy/ros2_ws/build/servo_control': CMAKE_PREFIX_PATH=${CMAKE_PREFIX_PATH}:/opt/ros/jazzy /usr/bin/cmake --build /home/andy/ros2_ws/build/servo_control -- -j4 -l4
[0.116s] [ 46%] Built target scservo_lib
[0.165s] [ 73%] Built target STServoTests
[0.165s] [ 73%] Built target servo_node
[0.176s] [ 86%] Built target moveServo
[0.184s] [ 93%] [32mBuilding CXX object CMakeFiles/servoConfig.dir/src/servoConfig.cpp.o[0m
[4.294s] In file included from [01m[K/opt/ros/jazzy/include/rclcpp/rclcpp/copy_all_parameter_values.hpp:27[m[K,
[4.295s]                  from [01m[K/opt/ros/jazzy/include/rclcpp/rclcpp/rclcpp.hpp:171[m[K,
[4.295s]                  from [01m[K/home/andy/ros2_ws/src/servo_control/src/servoConfig.cpp:1[m[K:
[4.295s] [01m[K/home/andy/ros2_ws/src/servo_control/src/servoConfig.cpp:[m[K In member function â€˜[01m[Kvoid ServoConfig::[01;32m[KrealtimeData[m[K(int)[m[Kâ€™:
[4.295s] [01m[K/home/andy/ros2_ws/src/servo_control/src/servoConfig.cpp:120:13:[m[K [01;31m[Kerror: [m[Kstatic assertion failed: First argument to logging macros must be an rclcpp::Logger
[4.295s]   120 |             [01;31m[KRCLCPP_INFO[m[K( sc.readWord(id, 0x3C));
[4.295s]       |             [01;31m[K^~~~~~~~~~~[m[K
[4.295s] In file included from [01m[K/opt/ros/jazzy/include/rclcpp/rclcpp/logging.hpp:24[m[K:
[4.295s] [01m[K/home/andy/ros2_ws/src/servo_control/src/servoConfig.cpp:120:13:[m[K [01;31m[Kerror: [m[Krequest for member â€˜[01m[Kget_name[m[Kâ€™ in â€˜[01m[K((ServoConfig*)this)->ServoConfig::sc.SCSCL::<anonymous>.SCSerial::<anonymous>.SCS::readWord(((u8)id), 60)[m[Kâ€™, which is of non-class type â€˜[01m[Kint[m[Kâ€™
[4.295s]   120 |             [01;31m[KRCLCPP_INFO[m[K( sc.readWord(id, 0x3C));
[4.295s]       |             [01;31m[K^~~~~~~~~~~[m[K
[4.296s] [01m[K/home/andy/ros2_ws/src/servo_control/src/servoConfig.cpp:120:13:[m[K [01;31m[Kerror: [m[Krequest for member â€˜[01m[Kget_name[m[Kâ€™ in â€˜[01m[K((ServoConfig*)this)->ServoConfig::sc.SCSCL::<anonymous>.SCSerial::<anonymous>.SCS::readWord(((u8)id), 60)[m[Kâ€™, which is of non-class type â€˜[01m[Kint[m[Kâ€™
[4.296s]   120 |             [01;31m[KRCLCPP_INFO[m[K( sc.readWord(id, 0x3C));
[4.296s]       |             [01;31m[K^~~~~~~~~~~[m[K
[4.296s] [01m[K/home/andy/ros2_ws/src/servo_control/src/servoConfig.cpp:120:13:[m[K [01;31m[Kerror: [m[Kexpected primary-expression before â€˜[01m[K)[m[Kâ€™ token
[4.296s]   120 |             [01;31m[KRCLCPP_INFO[m[K( sc.readWord(id, 0x3C));
[4.296s]       |             [01;31m[K^~~~~~~~~~~[m[K
[7.221s] gmake[2]: *** [CMakeFiles/servoConfig.dir/build.make:76: CMakeFiles/servoConfig.dir/src/servoConfig.cpp.o] Error 1
[7.221s] gmake[1]: *** [CMakeFiles/Makefile2:249: CMakeFiles/servoConfig.dir/all] Error 2
[7.222s] gmake: *** [Makefile:146: all] Error 2
[7.225s] Invoked command in '/home/andy/ros2_ws/build/servo_control' returned '2': CMAKE_PREFIX_PATH=${CMAKE_PREFIX_PATH}:/opt/ros/jazzy /usr/bin/cmake --build /home/andy/ros2_ws/build/servo_control -- -j4 -l4
