[ 46%] Built target scservo_lib
[ 73%] Built target STServoTests
[ 73%] Built target servo_node
[ 86%] Built target moveServo
[ 93%] [32mBuilding CXX object CMakeFiles/servoConfig.dir/src/servoConfig.cpp.o[0m
[01m[K/home/andy/ros2_ws/src/servo_control/src/servoConfig.cpp:[m[K In member function â€˜[01m[Kvoid ServoConfig::[01;32m[KrealtimeData[m[K(int)[m[Kâ€™:
[01m[K/home/andy/ros2_ws/src/servo_control/src/servoConfig.cpp:127:9:[m[K [01;31m[Kerror: [m[Kexpected â€˜[01m[K;[m[Kâ€™ before â€˜[01m[K}[m[Kâ€™ token
  127 |         [01;31m[K}[m[K
      |         [01;31m[K^[m[K
gmake[2]: *** [CMakeFiles/servoConfig.dir/build.make:76: CMakeFiles/servoConfig.dir/src/servoConfig.cpp.o] Error 1
gmake[1]: *** [CMakeFiles/Makefile2:249: CMakeFiles/servoConfig.dir/all] Error 2
gmake: *** [Makefile:146: all] Error 2
