[0.020s] Invoking command in '/home/andy/ros2_ws/build/servo_control': CMAKE_PREFIX_PATH=${CMAKE_PREFIX_PATH}:/opt/ros/jazzy /usr/bin/cmake --build /home/andy/ros2_ws/build/servo_control -- -j4 -l4
[0.074s] -- Found ament_cmake: 2.5.3 (/opt/ros/jazzy/share/ament_cmake/cmake)
[0.476s] -- Found rclcpp: 28.1.8 (/opt/ros/jazzy/share/rclcpp/cmake)
[0.524s] -- Found rosidl_generator_c: 4.6.5 (/opt/ros/jazzy/share/rosidl_generator_c/cmake)
[0.544s] -- Found rosidl_generator_cpp: 4.6.5 (/opt/ros/jazzy/share/rosidl_generator_cpp/cmake)
[0.569s] -- Using all available rosidl_typesupport_c: rosidl_typesupport_fastrtps_c;rosidl_typesupport_introspection_c
[0.599s] -- Using all available rosidl_typesupport_cpp: rosidl_typesupport_fastrtps_cpp;rosidl_typesupport_introspection_cpp
[0.729s] -- Found rmw_implementation_cmake: 7.3.2 (/opt/ros/jazzy/share/rmw_implementation_cmake/cmake)
[0.730s] -- Found rmw_fastrtps_cpp: 8.4.2 (/opt/ros/jazzy/share/rmw_fastrtps_cpp/cmake)
[0.855s] -- Using RMW implementation 'rmw_fastrtps_cpp' as default
[0.979s] -- Found std_msgs: 5.3.6 (/opt/ros/jazzy/share/std_msgs/cmake)
[1.214s] -- Configuring done (1.1s)
[1.282s] -- Generating done (0.1s)
[1.308s] -- Build files have been written to: /home/andy/ros2_ws/build/servo_control
[1.384s] [ 33%] Built target scservo_lib
[1.438s] [ 42%] Built target servo_node
[1.450s] [ 52%] Built target STServoTests
[1.456s] [ 57%] [32mBuilding CXX object CMakeFiles/servoConfig.dir/src/servoConfig.cpp.o[0m
[1.463s] [ 66%] Built target moveServo
[1.491s] [ 71%] [32mBuilding CXX object CMakeFiles/servoFeedback.dir/src/servoFeedback.cpp.o[0m
[1.500s] [ 76%] [32mBuilding CXX object CMakeFiles/servoRepair.dir/src/servoRepair.cpp.o[0m
[1.538s] [ 85%] Built target changeId
[6.141s] [01m[K/home/andy/ros2_ws/src/servo_control/src/servoRepair.cpp:[m[K In function â€˜[01m[Kint[01;32m[K main[m[K(int, char**)[m[Kâ€™:
[6.142s] [01m[K/home/andy/ros2_ws/src/servo_control/src/servoRepair.cpp:118:35:[m[K [01;31m[Kerror: [m[Kâ€˜[01m[KServoRepair[m[Kâ€™ was not declared in this scope; did you mean â€˜[01m[KservoRepair[m[Kâ€™?
[6.142s]   118 |     rclcpp::spin(std::make_shared<[01;31m[KServoRepair[m[K>());
[6.142s]       |                                   [01;31m[K^~~~~~~~~~~[m[K
[6.142s]       |                                   [32m[KservoRepair[m[K
[6.142s] [01m[K/home/andy/ros2_ws/src/servo_control/src/servoRepair.cpp:118:47:[m[K [01;31m[Kerror: [m[Kno matching function for call to â€˜[01m[Kmake_shared<<expression error> >()[m[Kâ€™
[6.143s]   118 |     rclcpp::spin([01;31m[Kstd::make_shared<ServoRepair>()[m[K);
[6.143s]       |                  [01;31m[K~~~~~~~~~~~~~~~~~~~~~~~~~~~~~^~[m[K
[6.143s] In file included from [01m[K/usr/include/c++/13/memory:80[m[K,
[6.143s]                  from [01m[K/opt/ros/jazzy/include/rclcpp/rclcpp/rclcpp.hpp:169[m[K,
[6.143s]                  from [01m[K/home/andy/ros2_ws/src/servo_control/src/servoRepair.cpp:1[m[K:
[6.144s] [01m[K/usr/include/c++/13/bits/shared_ptr.h:1005:5:[m[K [01;36m[Knote: [m[Kcandidate: â€˜[01m[Ktemplate<class _Tp, class ... _Args> std::shared_ptr<typename std::enable_if<(! std::is_array< <template-parameter-1-1> >::value), _Tp>::type> std::[01;32m[Kmake_shared[m[K(_Args&& ...)[m[Kâ€™
[6.144s]  1005 |     [01;36m[Kmake_shared[m[K(_Args&&... __args)
[6.144s]       |     [01;36m[K^~~~~~~~~~~[m[K
[6.144s] [01m[K/usr/include/c++/13/bits/shared_ptr.h:1005:5:[m[K [01;36m[Knote: [m[K  template argument deduction/substitution failed:
[6.144s] [01m[K/home/andy/ros2_ws/src/servo_control/src/servoRepair.cpp:118:47:[m[K [01;31m[Kerror: [m[Ktemplate argument 1 is invalid
[6.144s]   118 |     rclcpp::spin([01;31m[Kstd::make_shared<ServoRepair>()[m[K);
[6.144s]       |                  [01;31m[K~~~~~~~~~~~~~~~~~~~~~~~~~~~~~^~[m[K
[9.377s] gmake[2]: *** [CMakeFiles/servoRepair.dir/build.make:76: CMakeFiles/servoRepair.dir/src/servoRepair.cpp.o] Error 1
[9.377s] gmake[1]: *** [CMakeFiles/Makefile2:307: CMakeFiles/servoRepair.dir/all] Error 2
[9.377s] gmake[1]: *** Waiting for unfinished jobs....
[14.318s] [ 90%] [32m[1mLinking CXX executable servoFeedback[0m
[14.617s] [ 95%] [32m[1mLinking CXX executable servoConfig[0m
[15.078s] [ 95%] Built target servoFeedback
[15.310s] [ 95%] Built target servoConfig
[15.311s] gmake: *** [Makefile:146: all] Error 2
[15.315s] Invoked command in '/home/andy/ros2_ws/build/servo_control' returned '2': CMAKE_PREFIX_PATH=${CMAKE_PREFIX_PATH}:/opt/ros/jazzy /usr/bin/cmake --build /home/andy/ros2_ws/build/servo_control -- -j4 -l4
